<?xml version="1.0" encoding="UTF-8"?>
<!-- Generated by org.testng.reporters.JUnitXMLReporter -->
<testsuite hostname="ADMINRG-8TM2G52" name="Default test" tests="3" failures="0" timestamp="4 Sep 2021 07:16:28 GMT" time="71.066" errors="0">
  <testcase name="BaicAuth" time="28.591" classname="com.qa.seleniumPractice.checkBoxes"/>
  <testcase name="checkBoxes" time="28.561" classname="com.qa.seleniumPractice.checkBoxes"/>
  <testcase name="test" time="7.931" classname="com.qa.seleniumPractice.checkBoxes"/>
</testsuite> <!-- Default test -->
