<?xml version="1.0" encoding="UTF-8"?>
<!-- Generated by org.testng.reporters.JUnitXMLReporter -->
<testsuite hostname="ADMINRG-8TM2G52" name="createDiscountTest" tests="5" failures="0" timestamp="4 Sep 2021 16:38:57 GMT" time="54.63" errors="0">
  <testcase name="BaicAuth" time="17.199" classname="com.qa.seleniumPractice.checkBoxes"/>
  <testcase name="windowHandle" time="29.111" classname="com.qa.seleniumPractice.windowHandle"/>
  <testcase name="windowHandle" time="36.8" classname="com.qa.seleniumPractice.handleFrames"/>
  <testcase name="checkBoxes" time="13.342" classname="com.qa.seleniumPractice.checkBoxes"/>
  <testcase name="test" time="3.917" classname="com.qa.seleniumPractice.checkBoxes"/>
</testsuite> <!-- createDiscountTest -->
