<?xml version="1.0" encoding="UTF-8"?>
<!-- Generated by org.testng.reporters.JUnitXMLReporter -->
<testsuite hostname="ADMINRG-8TM2G52" name="Test" tests="4" failures="0" timestamp="24 Aug 2021 17:18:21 GMT" time="58.639" errors="0">
  <testcase name="validateTitle" time="0.057" classname="com.qa.test.loginTest"/>
  <testcase name="RememberMeTextValidation" time="0.049" classname="com.qa.test.uiTestforLoginPage"/>
  <testcase name="validateWelcomeText" time="0.042" classname="com.qa.test.uiTestforLoginPage"/>
  <testcase name="runTest" time="9.514" classname="com.qa.test.ADDcustomerTestclass"/>
</testsuite> <!-- Test -->
