<?xml version="1.0" encoding="UTF-8"?>
<testsuite xmlns:xsi="http://www.w3.org/2001/XMLSchema-instance" xsi:schemaLocation="https://maven.apache.org/surefire/maven-surefire-plugin/xsd/surefire-test-report.xsd" name="TestSuite" time="47.626" tests="5" errors="0" skipped="0" failures="0">
  <properties>
[...]
</properties>
  <testcase name="runTest" classname="com.qa.test.ADDcustomerTestclass" time="6.55"/>
  <testcase name="validateTitle" classname="com.qa.test.loginTest" time="0.011"/>
  <testcase name="RememberMeTextValidation" classname="com.qa.test.uiTestforLoginPage" time="0.069"/>
  <testcase name="validateWelcomeText" classname="com.qa.test.uiTestforLoginPage" time="0.037"/>
  <testcase name="createDiscount" classname="com.qa.test.createDiscountTest" time="8.223"/>
</testsuite>