<?xml version="1.0" encoding="UTF-8"?>
<testng-results skipped="0" failed="0" total="1" passed="1">
  <reporter-output>
  </reporter-output>
  <suite name="Suite" duration-ms="38243" started-at="2021-08-27T06:31:08Z" finished-at="2021-08-27T06:31:46Z">
    <groups>
    </groups>
    <test name="Test" duration-ms="38243" started-at="2021-08-27T06:31:08Z" finished-at="2021-08-27T06:31:46Z">
      <class name="com.qa.test.ADDcustomerTestclass">
        <test-method status="PASS" signature="setuP()[pri:0, instance:com.qa.test.ADDcustomerTestclass@34b9dea]" name="setuP" is-config="true" duration-ms="23043" started-at="2021-08-26T23:31:08Z" finished-at="2021-08-26T23:31:31Z">
          <reporter-output>
          </reporter-output>
        </test-method> <!-- setuP -->
        <test-method status="PASS" signature="runTest()[pri:0, instance:com.qa.test.ADDcustomerTestclass@34b9dea]" name="runTest" duration-ms="14475" started-at="2021-08-26T23:31:31Z" finished-at="2021-08-26T23:31:46Z">
          <reporter-output>
          </reporter-output>
        </test-method> <!-- runTest -->
        <test-method status="PASS" signature="kill()[pri:0, instance:com.qa.test.ADDcustomerTestclass@34b9dea]" name="kill" is-config="true" duration-ms="1" started-at="2021-08-26T23:31:46Z" finished-at="2021-08-26T23:31:46Z">
          <reporter-output>
          </reporter-output>
        </test-method> <!-- kill -->
      </class> <!-- com.qa.test.ADDcustomerTestclass -->
    </test> <!-- Test -->
  </suite> <!-- Suite -->
</testng-results>
