<?xml version="1.0" encoding="UTF-8"?>
<testng-results skipped="0" failed="0" total="1" passed="1">
  <reporter-output>
  </reporter-output>
  <suite name="Default suite" duration-ms="11282" started-at="2021-09-05T15:39:19Z" finished-at="2021-09-05T15:39:30Z">
    <groups>
    </groups>
    <test name="Default test" duration-ms="11282" started-at="2021-09-05T15:39:19Z" finished-at="2021-09-05T15:39:30Z">
      <class name="com.qa.seleniumPractice.RightClickandAlert">
        <test-method status="PASS" signature="windowHandle()[pri:0, instance:com.qa.seleniumPractice.RightClickandAlert@6fd02e5]" name="windowHandle" duration-ms="11229" started-at="2021-09-05T08:39:19Z" finished-at="2021-09-05T08:39:30Z">
          <reporter-output>
          </reporter-output>
        </test-method> <!-- windowHandle -->
        <test-method status="PASS" signature="close()[pri:0, instance:com.qa.seleniumPractice.RightClickandAlert@6fd02e5]" name="close" is-config="true" duration-ms="1" started-at="2021-09-05T08:39:30Z" finished-at="2021-09-05T08:39:30Z">
          <reporter-output>
          </reporter-output>
        </test-method> <!-- close -->
      </class> <!-- com.qa.seleniumPractice.RightClickandAlert -->
    </test> <!-- Default test -->
  </suite> <!-- Default suite -->
</testng-results>
