<?xml version="1.0" encoding="UTF-8"?>
<testng-results skipped="0" failed="0" total="1" passed="1">
  <reporter-output>
  </reporter-output>
  <suite name="Default suite" duration-ms="36447" started-at="2021-08-27T06:22:10Z" finished-at="2021-08-27T06:22:46Z">
    <groups>
    </groups>
    <test name="Default test" duration-ms="36447" started-at="2021-08-27T06:22:10Z" finished-at="2021-08-27T06:22:46Z">
      <class name="com.qa.test.ADDcustomerTestclass">
        <test-method status="PASS" signature="setuP()[pri:0, instance:com.qa.test.ADDcustomerTestclass@6e06451e]" name="setuP" is-config="true" duration-ms="24849" started-at="2021-08-26T23:22:10Z" finished-at="2021-08-26T23:22:35Z">
          <reporter-output>
          </reporter-output>
        </test-method> <!-- setuP -->
        <test-method status="PASS" signature="runTest()[pri:0, instance:com.qa.test.ADDcustomerTestclass@6e06451e]" name="runTest" duration-ms="11564" started-at="2021-08-26T23:22:35Z" finished-at="2021-08-26T23:22:46Z">
          <reporter-output>
          </reporter-output>
        </test-method> <!-- runTest -->
        <test-method status="PASS" signature="kill()[pri:0, instance:com.qa.test.ADDcustomerTestclass@6e06451e]" name="kill" is-config="true" duration-ms="0" started-at="2021-08-26T23:22:46Z" finished-at="2021-08-26T23:22:46Z">
          <reporter-output>
          </reporter-output>
        </test-method> <!-- kill -->
      </class> <!-- com.qa.test.ADDcustomerTestclass -->
    </test> <!-- Default test -->
  </suite> <!-- Default suite -->
</testng-results>
